<?xml version="1.0" encoding="UTF-8" ?>
<testsuite tests="3" failures="3" name="ballester.datastructures.trees.OrderedTreeTest" time="0.008" errors="0" skipped="0">
  <properties>
[...]
</properties>
  <testcase classname="ballester.datastructures.trees.OrderedTreeTest" name="ballester.datastructures.trees.OrderedTreeTest.testGetChildren" time="0.002">
    <failure message="org/junit/Assert" type="java.lang.NoClassDefFoundError">java.lang.NoClassDefFoundError: org/junit/Assert
	at ballester.datastructures.trees.OrderedTreeTest.testGetChildren(OrderedTreeTest.java:42)
Caused by: java.lang.ClassNotFoundException: org.junit.Assert
	at java.net.URLClassLoader.findClass(URLClassLoader.java:381)
	at java.lang.ClassLoader.loadClass(ClassLoader.java:424)
	at sun.misc.Launcher$AppClassLoader.loadClass(Launcher.java:331)
	at java.lang.ClassLoader.loadClass(ClassLoader.java:357)
	... 19 more
</failure>
  </testcase>
  <testcase classname="ballester.datastructures.trees.OrderedTreeTest" name="ballester.datastructures.trees.OrderedTreeTest.testTreeBuiliding" time="0.004">
    <failure message="org/junit/Assert" type="java.lang.NoClassDefFoundError">java.lang.NoClassDefFoundError: org/junit/Assert
	at ballester.datastructures.trees.OrderedTreeTest.testTreeBuiliding(OrderedTreeTest.java:76)
</failure>
  </testcase>
  <testcase classname="ballester.datastructures.trees.OrderedTreeTest" name="ballester.datastructures.trees.OrderedTreeTest.testPushUnder" time="0.002">
    <failure message="org/junit/Assert" type="java.lang.NoClassDefFoundError">java.lang.NoClassDefFoundError: org/junit/Assert
	at ballester.datastructures.trees.OrderedTreeTest.testPushUnder(OrderedTreeTest.java:145)
</failure>
    <system-out>N0(L0)    Node_20

N1(L1)        Node_21

N2(L1)        Node_22

N3(L2)            Node_23


N0(L0)    Node_20

N2(L1)        Node_22

N3(L2)            Node_23

N1(L2)            Node_21


</system-out>
  </testcase>
</testsuite>